This file contains any messages produced by compilers while
running configure, to aid debugging if configure makes a mistake.

It was created by asynch configure 1.3.2, which was
generated by GNU Autoconf 2.69.  Invocation command line was

  $ ../configure --prefix=/Users/mschille/TestGitBranch/asynch/dist CFLAGS=-O3 -march=core-avx2 -DNDEBUG

## --------- ##
## Platform. ##
## --------- ##

hostname = argon-login-1.hpc
uname -m = x86_64
uname -r = 3.10.0-514.21.1.el7.x86_64
uname -s = Linux
uname -v = #1 SMP Thu May 25 17:04:51 UTC 2017

/usr/bin/uname -p = x86_64
/bin/uname -X     = unknown

/bin/arch              = x86_64
/usr/bin/arch -k       = unknown
/usr/convex/getsysinfo = unknown
/usr/bin/hostinfo      = unknown
/bin/machine           = unknown
/usr/bin/oslevel       = unknown
/bin/universe          = unknown

PATH: /opt/apps/openmpi/2.0.1_parallel_studio-2017.1/bin
PATH: /opt/apps/hdf5/1.8.18_parallel_studio-2017.1/bin
PATH: /opt/apps/xz/5.2.3/bin
PATH: /opt/apps/jdk/8u121/bin
PATH: /opt/apps/bzip2/1.0.6/bin
PATH: /opt/apps/parallel_studio/2017.1/compilers_and_libraries/linux/bin/intel64
PATH: /opt/apps/matlab/R2016b/bin
PATH: /opt/sge/bin
PATH: /opt/sge/bin/lx-amd64
PATH: /opt/sge/bin
PATH: /opt/sge/bin/lx-amd64
PATH: /opt/sge/bin
PATH: /opt/sge/bin/lx-amd64
PATH: /usr/lib64/qt-3.3/bin
PATH: /usr/local/bin
PATH: /usr/bin


## ----------- ##
## Core tests. ##
## ----------- ##

configure:2179: checking for a BSD-compatible install
configure:2247: result: /usr/bin/install -c
configure:2258: checking whether build environment is sane
configure:2313: result: yes
configure:2464: checking for a thread-safe mkdir -p
configure:2503: result: /usr/bin/mkdir -p
configure:2510: checking for gawk
configure:2526: found /usr/bin/gawk
configure:2537: result: gawk
configure:2548: checking whether make sets $(MAKE)
configure:2570: result: yes
configure:2599: checking whether make supports nested variables
configure:2616: result: yes
configure:2714: checking for style of include used by make
configure:2742: result: GNU
configure:2821: checking for mpicc
configure:2837: found /opt/apps/openmpi/2.0.1_parallel_studio-2017.1/bin/mpicc
configure:2848: result: mpicc
configure:2922: checking for gcc
configure:2949: result: mpicc
configure:3178: checking for C compiler version
configure:3187: mpicc --version >&5
icc (ICC) 17.0.1 20161005
Copyright (C) 1985-2016 Intel Corporation.  All rights reserved.

configure:3198: $? = 0
configure:3187: mpicc -v >&5
icc version 17.0.1 (gcc version 4.8.5 compatibility)
configure:3198: $? = 0
configure:3187: mpicc -V >&5
Intel(R) C Intel(R) 64 Compiler for applications running on Intel(R) 64, Version 17.0.1.132 Build 20161005
Copyright (C) 1985-2016 Intel Corporation.  All rights reserved.

configure:3198: $? = 0
configure:3187: mpicc -qversion >&5
icc: command line warning #10006: ignoring unknown option '-qversion'
icc: command line error: no files specified; for help type "icc -help"
configure:3198: $? = 1
configure:3218: checking whether the C compiler works
configure:3240: mpicc -O3 -march=core-avx2 -DNDEBUG   conftest.c  >&5
configure:3244: $? = 0
configure:3292: result: yes
configure:3295: checking for C compiler default output file name
configure:3297: result: a.out
configure:3303: checking for suffix of executables
configure:3310: mpicc -o conftest -O3 -march=core-avx2 -DNDEBUG   conftest.c  >&5
configure:3314: $? = 0
configure:3336: result: 
configure:3358: checking whether we are cross compiling
configure:3366: mpicc -o conftest -O3 -march=core-avx2 -DNDEBUG   conftest.c  >&5
configure:3370: $? = 0
configure:3377: ./conftest
configure:3381: $? = 0
configure:3396: result: no
configure:3401: checking for suffix of object files
configure:3423: mpicc -c -O3 -march=core-avx2 -DNDEBUG  conftest.c >&5
configure:3427: $? = 0
configure:3448: result: o
configure:3452: checking whether we are using the GNU C compiler
configure:3471: mpicc -c -O3 -march=core-avx2 -DNDEBUG  conftest.c >&5
configure:3471: $? = 0
configure:3480: result: yes
configure:3489: checking whether mpicc accepts -g
configure:3509: mpicc -c -g  conftest.c >&5
configure:3509: $? = 0
configure:3550: result: yes
configure:3567: checking for mpicc option to accept ISO C89
configure:3630: mpicc  -c -O3 -march=core-avx2 -DNDEBUG  conftest.c >&5
configure:3630: $? = 0
configure:3643: result: none needed
configure:3665: checking dependency style of mpicc
configure:3776: result: gcc3
configure:3818: checking for function MPI_Init
configure:3843: mpicc -o conftest -O3 -march=core-avx2 -DNDEBUG   conftest.c  >&5
configure:3843: $? = 0
configure:3850: result: yes
configure:3861: checking for mpi.h
configure:3874: mpicc -c -O3 -march=core-avx2 -DNDEBUG  conftest.c >&5
configure:3874: $? = 0
configure:3875: result: yes
configure:3918: checking for mpicc option to accept ISO C99
configure:4067: mpicc  -c -O3 -march=core-avx2 -DNDEBUG  conftest.c >&5
conftest.c(62): error: expected a ")"
  test_restrict (ccp restrict text)
                              ^

conftest.c(67): error: expected an expression
    for (unsigned int i = 0; *(text+i) != '\0'; ++i)
         ^

conftest.c(67): error: identifier "text" is undefined
    for (unsigned int i = 0; *(text+i) != '\0'; ++i)
                               ^

conftest.c(67): error: identifier "i" is undefined
    for (unsigned int i = 0; *(text+i) != '\0'; ++i)
                                    ^

conftest.c(116): error: expected a ";"
    char *restrict newvar = "Another string";
                   ^

conftest.c(126): error: expected an expression
    for (int i = 0; i < ia->datasize; ++i)
         ^

conftest.c(126): error: identifier "i" is undefined
    for (int i = 0; i < ia->datasize; ++i)
                    ^

conftest.c(142): error: identifier "newvar" is undefined
    return (!success || bignum == 0LL || ubignum == 0uLL || newvar[0] == 'x'
                                                            ^

compilation aborted for conftest.c (code 2)
configure:4067: $? = 2
configure: failed program was:
| /* confdefs.h */
| #define PACKAGE_NAME "asynch"
| #define PACKAGE_TARNAME "asynch"
| #define PACKAGE_VERSION "1.3.2"
| #define PACKAGE_STRING "asynch 1.3.2"
| #define PACKAGE_BUGREPORT "samuel-debionne@uiowa.edu"
| #define PACKAGE_URL ""
| #define PACKAGE "asynch"
| #define VERSION "1.3.2"
| #define HAVE_MPI 1
| /* end confdefs.h.  */
| #include <stdarg.h>
| #include <stdbool.h>
| #include <stdlib.h>
| #include <wchar.h>
| #include <stdio.h>
| 
| // Check varargs macros.  These examples are taken from C99 6.10.3.5.
| #define debug(...) fprintf (stderr, __VA_ARGS__)
| #define showlist(...) puts (#__VA_ARGS__)
| #define report(test,...) ((test) ? puts (#test) : printf (__VA_ARGS__))
| static void
| test_varargs_macros (void)
| {
|   int x = 1234;
|   int y = 5678;
|   debug ("Flag");
|   debug ("X = %d\n", x);
|   showlist (The first, second, and third items.);
|   report (x>y, "x is %d but y is %d", x, y);
| }
| 
| // Check long long types.
| #define BIG64 18446744073709551615ull
| #define BIG32 4294967295ul
| #define BIG_OK (BIG64 / BIG32 == 4294967297ull && BIG64 % BIG32 == 0)
| #if !BIG_OK
|   your preprocessor is broken;
| #endif
| #if BIG_OK
| #else
|   your preprocessor is broken;
| #endif
| static long long int bignum = -9223372036854775807LL;
| static unsigned long long int ubignum = BIG64;
| 
| struct incomplete_array
| {
|   int datasize;
|   double data[];
| };
| 
| struct named_init {
|   int number;
|   const wchar_t *name;
|   double average;
| };
| 
| typedef const char *ccp;
| 
| static inline int
| test_restrict (ccp restrict text)
| {
|   // See if C++-style comments work.
|   // Iterate through items via the restricted pointer.
|   // Also check for declarations in for loops.
|   for (unsigned int i = 0; *(text+i) != '\0'; ++i)
|     continue;
|   return 0;
| }
| 
| // Check varargs and va_copy.
| static void
| test_varargs (const char *format, ...)
| {
|   va_list args;
|   va_start (args, format);
|   va_list args_copy;
|   va_copy (args_copy, args);
| 
|   const char *str;
|   int number;
|   float fnumber;
| 
|   while (*format)
|     {
|       switch (*format++)
| 	{
| 	case 's': // string
| 	  str = va_arg (args_copy, const char *);
| 	  break;
| 	case 'd': // int
| 	  number = va_arg (args_copy, int);
| 	  break;
| 	case 'f': // float
| 	  fnumber = va_arg (args_copy, double);
| 	  break;
| 	default:
| 	  break;
| 	}
|     }
|   va_end (args_copy);
|   va_end (args);
| }
| 
| int
| main ()
| {
| 
|   // Check bool.
|   _Bool success = false;
| 
|   // Check restrict.
|   if (test_restrict ("String literal") == 0)
|     success = true;
|   char *restrict newvar = "Another string";
| 
|   // Check varargs.
|   test_varargs ("s, d' f .", "string", 65, 34.234);
|   test_varargs_macros ();
| 
|   // Check flexible array members.
|   struct incomplete_array *ia =
|     malloc (sizeof (struct incomplete_array) + (sizeof (double) * 10));
|   ia->datasize = 10;
|   for (int i = 0; i < ia->datasize; ++i)
|     ia->data[i] = i * 1.234;
| 
|   // Check named initializers.
|   struct named_init ni = {
|     .number = 34,
|     .name = L"Test wide string",
|     .average = 543.34343,
|   };
| 
|   ni.number = 58;
| 
|   int dynamic_array[ni.number];
|   dynamic_array[ni.number - 1] = 543;
| 
|   // work around unused variable warnings
|   return (!success || bignum == 0LL || ubignum == 0uLL || newvar[0] == 'x'
| 	  || dynamic_array[ni.number - 1] != 543);
| 
|   ;
|   return 0;
| }
configure:4067: mpicc -std=gnu99 -c -O3 -march=core-avx2 -DNDEBUG  conftest.c >&5
configure:4067: $? = 0
configure:4087: result: -std=gnu99
configure:4188: checking for mpicc -std=gnu99 option to accept ISO Standard C
configure:4202: result: -std=gnu99
configure:4207: checking whether mpicc -std=gnu99 and cc understand -c and -o together
configure:4238: mpicc -std=gnu99 -c conftest.c -o conftest2.o >&5
configure:4242: $? = 0
configure:4248: mpicc -std=gnu99 -c conftest.c -o conftest2.o >&5
configure:4252: $? = 0
configure:4263: cc -c conftest.c >&5
configure:4267: $? = 0
configure:4275: cc -c conftest.c -o conftest2.o >&5
configure:4279: $? = 0
configure:4285: cc -c conftest.c -o conftest2.o >&5
configure:4289: $? = 0
configure:4307: result: yes
configure:4381: checking for ar
configure:4397: found /usr/bin/ar
configure:4408: result: ar
configure:4434: checking the archiver (ar) interface
configure:4444: mpicc -std=gnu99 -c -O3 -march=core-avx2 -DNDEBUG  conftest.c >&5
configure:4444: $? = 0
configure:4446: ar cru libconftest.a conftest.o >&5
configure:4449: $? = 0
configure:4472: result: ar
configure:4535: checking for ranlib
configure:4551: found /usr/bin/ranlib
configure:4562: result: ranlib
configure:4591: checking how to run the C preprocessor
configure:4622: mpicc -std=gnu99 -E  conftest.c
configure:4622: $? = 0
configure:4636: mpicc -std=gnu99 -E  conftest.c
conftest.c(12): error #2379: cannot open source file "ac_nonexistent.h"
  #include <ac_nonexistent.h>
                             ^

configure:4636: $? = 2
configure: failed program was:
| /* confdefs.h */
| #define PACKAGE_NAME "asynch"
| #define PACKAGE_TARNAME "asynch"
| #define PACKAGE_VERSION "1.3.2"
| #define PACKAGE_STRING "asynch 1.3.2"
| #define PACKAGE_BUGREPORT "samuel-debionne@uiowa.edu"
| #define PACKAGE_URL ""
| #define PACKAGE "asynch"
| #define VERSION "1.3.2"
| #define HAVE_MPI 1
| /* end confdefs.h.  */
| #include <ac_nonexistent.h>
configure:4661: result: mpicc -std=gnu99 -E
configure:4681: mpicc -std=gnu99 -E  conftest.c
configure:4681: $? = 0
configure:4695: mpicc -std=gnu99 -E  conftest.c
conftest.c(12): error #2379: cannot open source file "ac_nonexistent.h"
  #include <ac_nonexistent.h>
                             ^

configure:4695: $? = 2
configure: failed program was:
| /* confdefs.h */
| #define PACKAGE_NAME "asynch"
| #define PACKAGE_TARNAME "asynch"
| #define PACKAGE_VERSION "1.3.2"
| #define PACKAGE_STRING "asynch 1.3.2"
| #define PACKAGE_BUGREPORT "samuel-debionne@uiowa.edu"
| #define PACKAGE_URL ""
| #define PACKAGE "asynch"
| #define VERSION "1.3.2"
| #define HAVE_MPI 1
| /* end confdefs.h.  */
| #include <ac_nonexistent.h>
configure:4724: checking for grep that handles long lines and -e
configure:4782: result: /usr/bin/grep
configure:4787: checking for egrep
configure:4849: result: /usr/bin/grep -E
configure:4854: checking for ANSI C header files
configure:4874: mpicc -std=gnu99 -c -O3 -march=core-avx2 -DNDEBUG  conftest.c >&5
configure:4874: $? = 0
configure:4947: mpicc -std=gnu99 -o conftest -O3 -march=core-avx2 -DNDEBUG   conftest.c  >&5
configure:4947: $? = 0
configure:4947: ./conftest
configure:4947: $? = 0
configure:4958: result: yes
configure:4971: checking for sys/types.h
configure:4971: mpicc -std=gnu99 -c -O3 -march=core-avx2 -DNDEBUG  conftest.c >&5
configure:4971: $? = 0
configure:4971: result: yes
configure:4971: checking for sys/stat.h
configure:4971: mpicc -std=gnu99 -c -O3 -march=core-avx2 -DNDEBUG  conftest.c >&5
configure:4971: $? = 0
configure:4971: result: yes
configure:4971: checking for stdlib.h
configure:4971: mpicc -std=gnu99 -c -O3 -march=core-avx2 -DNDEBUG  conftest.c >&5
configure:4971: $? = 0
configure:4971: result: yes
configure:4971: checking for string.h
configure:4971: mpicc -std=gnu99 -c -O3 -march=core-avx2 -DNDEBUG  conftest.c >&5
configure:4971: $? = 0
configure:4971: result: yes
configure:4971: checking for memory.h
configure:4971: mpicc -std=gnu99 -c -O3 -march=core-avx2 -DNDEBUG  conftest.c >&5
configure:4971: $? = 0
configure:4971: result: yes
configure:4971: checking for strings.h
configure:4971: mpicc -std=gnu99 -c -O3 -march=core-avx2 -DNDEBUG  conftest.c >&5
configure:4971: $? = 0
configure:4971: result: yes
configure:4971: checking for inttypes.h
configure:4971: mpicc -std=gnu99 -c -O3 -march=core-avx2 -DNDEBUG  conftest.c >&5
configure:4971: $? = 0
configure:4971: result: yes
configure:4971: checking for stdint.h
configure:4971: mpicc -std=gnu99 -c -O3 -march=core-avx2 -DNDEBUG  conftest.c >&5
configure:4971: $? = 0
configure:4971: result: yes
configure:4971: checking for unistd.h
configure:4971: mpicc -std=gnu99 -c -O3 -march=core-avx2 -DNDEBUG  conftest.c >&5
configure:4971: $? = 0
configure:4971: result: yes
configure:4986: checking if zlib is wanted
configure:5008: result: yes
configure:5039: checking for inflateEnd in -lz
configure:5064: mpicc -std=gnu99 -o conftest -O3 -march=core-avx2 -DNDEBUG  -I/usr/include  -L/usr/lib conftest.c -lz   >&5
configure:5064: $? = 0
configure:5073: result: yes
configure:5081: checking zlib.h usability
configure:5081: mpicc -std=gnu99 -c -O3 -march=core-avx2 -DNDEBUG  -I/usr/include conftest.c >&5
configure:5081: $? = 0
configure:5081: result: yes
configure:5081: checking zlib.h presence
configure:5081: mpicc -std=gnu99 -E  -I/usr/include conftest.c
configure:5081: $? = 0
configure:5081: result: yes
configure:5081: checking for zlib.h
configure:5081: result: yes
configure:5118: checking for a sed that does not truncate output
configure:5182: result: /usr/bin/sed
configure:5240: checking for h5cc
configure:5258: found /opt/apps/hdf5/1.8.18_parallel_studio-2017.1/bin/h5cc
configure:5270: result: /opt/apps/hdf5/1.8.18_parallel_studio-2017.1/bin/h5cc
configure:5287: checking for HDF5 type
configure:5297: result: serial
configure:5299: checking for HDF5 libraries
configure:5353: result: yes (version 1.8.18)
configure:5370: checking hdf5.h usability
configure:5370: icc -c -O3 -march=core-avx2 -DNDEBUG -I/opt/apps/zlib/1.2.11/include -I/opt/apps/parallel_studio/2017.1/compilers_and_libraries/linux/daal/include -I/opt/apps/parallel_studio/2017.1/compilers_and_libraries/linux/tbb/include -I/opt/apps/parallel_studio/2017.1/compilers_and_libraries/linux/mkl/include -I/opt/apps/parallel_studio/2017.1/compilers_and_libraries/linux/ipp/include -I/opt/apps/szip/2.1.1_parallel_studio-2017.1/include -I/opt/apps/hdf5/1.8.18_parallel_studio-2017.1/include conftest.c >&5
configure:5370: $? = 0
configure:5370: result: yes
configure:5370: checking hdf5.h presence
configure:5370: mpicc -std=gnu99 -E -I/opt/apps/zlib/1.2.11/include -I/opt/apps/parallel_studio/2017.1/compilers_and_libraries/linux/daal/include -I/opt/apps/parallel_studio/2017.1/compilers_and_libraries/linux/tbb/include -I/opt/apps/parallel_studio/2017.1/compilers_and_libraries/linux/mkl/include -I/opt/apps/parallel_studio/2017.1/compilers_and_libraries/linux/ipp/include -I/opt/apps/szip/2.1.1_parallel_studio-2017.1/include -I/opt/apps/hdf5/1.8.18_parallel_studio-2017.1/include conftest.c
configure:5370: $? = 0
configure:5370: result: yes
configure:5370: checking for hdf5.h
configure:5370: result: yes
configure:5378: checking for H5Fcreate in -lhdf5
configure:5403: icc -o conftest -O3 -march=core-avx2 -DNDEBUG -I/opt/apps/zlib/1.2.11/include -I/opt/apps/parallel_studio/2017.1/compilers_and_libraries/linux/daal/include -I/opt/apps/parallel_studio/2017.1/compilers_and_libraries/linux/tbb/include -I/opt/apps/parallel_studio/2017.1/compilers_and_libraries/linux/mkl/include -I/opt/apps/parallel_studio/2017.1/compilers_and_libraries/linux/ipp/include -I/opt/apps/szip/2.1.1_parallel_studio-2017.1/include -I/opt/apps/hdf5/1.8.18_parallel_studio-2017.1/include -L/opt/apps/zlib/1.2.11/lib -L/opt/apps/parallel_studio/2017.1/compilers_and_libraries/linux/debugger/libipt/intel64/lib -L/opt/apps/parallel_studio/2017.1/compilers_and_libraries/linux/debugger/iga/lib -L/opt/apps/parallel_studio/2017.1/compilers_and_libraries/linux/ipp/lib/intel64_lin -L/opt/apps/parallel_studio/2017.1/compilers_and_libraries/linux/daal/lib/intel64_lin -L/opt/apps/parallel_studio/2017.1/compilers_and_libraries/linux/tbb/lib/intel64/gcc4.4 -L/opt/apps/parallel_studio/2017.1/compilers_and_libraries/linux/tbb/lib/intel64/gcc4.7 -L/opt/apps/parallel_studio/2017.1/compilers_and_libraries/linux/mkl/lib/intel64_lin -L/opt/apps/parallel_studio/2017.1/compilers_and_libraries/linux/lib/intel64_lin -L/opt/apps/szip/2.1.1_parallel_studio-2017.1/lib -L/opt/apps/hdf5/1.8.18_parallel_studio-2017.1/lib  conftest.c -lhdf5  -lm -ldl -lz -lsz  -lhdf5 >&5
configure:5403: $? = 0
configure:5412: result: yes
configure:5424: checking for main in -lhdf5_hl
configure:5443: icc -o conftest -O3 -march=core-avx2 -DNDEBUG -I/opt/apps/zlib/1.2.11/include -I/opt/apps/parallel_studio/2017.1/compilers_and_libraries/linux/daal/include -I/opt/apps/parallel_studio/2017.1/compilers_and_libraries/linux/tbb/include -I/opt/apps/parallel_studio/2017.1/compilers_and_libraries/linux/mkl/include -I/opt/apps/parallel_studio/2017.1/compilers_and_libraries/linux/ipp/include -I/opt/apps/szip/2.1.1_parallel_studio-2017.1/include -I/opt/apps/hdf5/1.8.18_parallel_studio-2017.1/include -L/opt/apps/zlib/1.2.11/lib -L/opt/apps/parallel_studio/2017.1/compilers_and_libraries/linux/debugger/libipt/intel64/lib -L/opt/apps/parallel_studio/2017.1/compilers_and_libraries/linux/debugger/iga/lib -L/opt/apps/parallel_studio/2017.1/compilers_and_libraries/linux/ipp/lib/intel64_lin -L/opt/apps/parallel_studio/2017.1/compilers_and_libraries/linux/daal/lib/intel64_lin -L/opt/apps/parallel_studio/2017.1/compilers_and_libraries/linux/tbb/lib/intel64/gcc4.4 -L/opt/apps/parallel_studio/2017.1/compilers_and_libraries/linux/tbb/lib/intel64/gcc4.7 -L/opt/apps/parallel_studio/2017.1/compilers_and_libraries/linux/mkl/lib/intel64_lin -L/opt/apps/parallel_studio/2017.1/compilers_and_libraries/linux/lib/intel64_lin -L/opt/apps/szip/2.1.1_parallel_studio-2017.1/lib -L/opt/apps/hdf5/1.8.18_parallel_studio-2017.1/lib  conftest.c -lhdf5_hl  -lm -ldl -lz -lsz  -lhdf5 >&5
configure:5443: $? = 0
configure:5452: result: yes
configure:5471: checking for matching HDF5 Fortran wrapper
configure:5475: result: /opt/apps/hdf5/1.8.18_parallel_studio-2017.1/bin/h5fc
configure:5558: checking for pg_config
configure:5576: found /usr/bin/pg_config
configure:5588: result: /usr/bin/pg_config
configure:5605: checking for PostgreSQL libraries
configure:5618: result: yes
configure:5749: checking for pkg-config
configure:5767: found /usr/bin/pkg-config
configure:5779: result: /usr/bin/pkg-config
configure:5804: checking pkg-config is at least version 0.9.0
configure:5807: result: yes
configure:5817: checking for CHECK
configure:5824: $PKG_CONFIG --exists --print-errors "check"
Package check was not found in the pkg-config search path.
Perhaps you should add the directory containing `check.pc'
to the PKG_CONFIG_PATH environment variable
No package 'check' found
configure:5827: $? = 1
configure:5841: $PKG_CONFIG --exists --print-errors "check"
Package check was not found in the pkg-config search path.
Perhaps you should add the directory containing `check.pc'
to the PKG_CONFIG_PATH environment variable
No package 'check' found
configure:5844: $? = 1
configure:5858: result: no
No package 'check' found
configure:5996: checking that generated files are newer than configure
configure:6002: result: done
configure:6029: creating ./config.status

## ---------------------- ##
## Running config.status. ##
## ---------------------- ##

This file was extended by asynch config.status 1.3.2, which was
generated by GNU Autoconf 2.69.  Invocation command line was

  CONFIG_FILES    = 
  CONFIG_HEADERS  = 
  CONFIG_LINKS    = 
  CONFIG_COMMANDS = 
  $ ./config.status 

on argon-login-1.hpc

config.status:908: creating Makefile
config.status:908: creating src/Makefile
config.status:908: creating tests/Makefile
config.status:908: creating tools/Makefile
config.status:908: creating config.h
config.status:1074: config.h is unchanged
config.status:1122: executing depfiles commands

## ---------------- ##
## Cache variables. ##
## ---------------- ##

ac_cv_c_compiler_gnu=yes
ac_cv_env_CC_set=
ac_cv_env_CC_value=
ac_cv_env_CFLAGS_set=set
ac_cv_env_CFLAGS_value='-O3 -march=core-avx2 -DNDEBUG'
ac_cv_env_CHECK_CFLAGS_set=
ac_cv_env_CHECK_CFLAGS_value=
ac_cv_env_CHECK_LIBS_set=
ac_cv_env_CHECK_LIBS_value=
ac_cv_env_CPPFLAGS_set=
ac_cv_env_CPPFLAGS_value=
ac_cv_env_CPP_set=
ac_cv_env_CPP_value=
ac_cv_env_LDFLAGS_set=
ac_cv_env_LDFLAGS_value=
ac_cv_env_LIBS_set=
ac_cv_env_LIBS_value=
ac_cv_env_MPICC_set=
ac_cv_env_MPICC_value=
ac_cv_env_PKG_CONFIG_LIBDIR_set=
ac_cv_env_PKG_CONFIG_LIBDIR_value=
ac_cv_env_PKG_CONFIG_PATH_set=set
ac_cv_env_PKG_CONFIG_PATH_value=/opt/apps/openmpi/2.0.1_parallel_studio-2017.1/lib/pkgconfig:/opt/apps/zlib/1.2.11/lib/pkgconfig:/opt/apps/xz/5.2.3/lib/pkgconfig:/opt/apps/bzip2/1.0.6/lib/pkgconfig
ac_cv_env_PKG_CONFIG_set=
ac_cv_env_PKG_CONFIG_value=
ac_cv_env_build_alias_set=
ac_cv_env_build_alias_value=
ac_cv_env_host_alias_set=
ac_cv_env_host_alias_value=
ac_cv_env_target_alias_set=
ac_cv_env_target_alias_value=
ac_cv_hadf5_h=yes
ac_cv_header_hdf5_h=yes
ac_cv_header_inttypes_h=yes
ac_cv_header_memory_h=yes
ac_cv_header_stdc=yes
ac_cv_header_stdint_h=yes
ac_cv_header_stdlib_h=yes
ac_cv_header_string_h=yes
ac_cv_header_strings_h=yes
ac_cv_header_sys_stat_h=yes
ac_cv_header_sys_types_h=yes
ac_cv_header_unistd_h=yes
ac_cv_header_zlib_h=yes
ac_cv_lib_hdf5_H5Fcreate=yes
ac_cv_lib_hdf5_hl=ac_cv_lib_hdf5_hl_main
ac_cv_lib_hdf5_hl_main=yes
ac_cv_lib_z_inflateEnd=yes
ac_cv_libhdf5=yes
ac_cv_objext=o
ac_cv_path_EGREP='/usr/bin/grep -E'
ac_cv_path_GREP=/usr/bin/grep
ac_cv_path_H5CC=/opt/apps/hdf5/1.8.18_parallel_studio-2017.1/bin/h5cc
ac_cv_path_PG_CONFIG=/usr/bin/pg_config
ac_cv_path_SED=/usr/bin/sed
ac_cv_path_ac_pt_PKG_CONFIG=/usr/bin/pkg-config
ac_cv_path_install='/usr/bin/install -c'
ac_cv_path_mkdir=/usr/bin/mkdir
ac_cv_prog_AWK=gawk
ac_cv_prog_CPP='mpicc -std=gnu99 -E'
ac_cv_prog_ac_ct_AR=ar
ac_cv_prog_ac_ct_CC=mpicc
ac_cv_prog_ac_ct_RANLIB=ranlib
ac_cv_prog_cc_c89=
ac_cv_prog_cc_c99=-std=gnu99
ac_cv_prog_cc_g=yes
ac_cv_prog_cc_mpicc_c_o=yes
ac_cv_prog_cc_stdc=-std=gnu99
ac_cv_prog_make_make_set=yes
am_cv_CC_dependencies_compiler_type=gcc3
am_cv_ar_interface=ar
am_cv_make_support_nested_variables=yes
zlib_cv_libz=yes
zlib_cv_zlib_h=yes

## ----------------- ##
## Output variables. ##
## ----------------- ##

ACLOCAL='${SHELL} /Users/mschille/TestGitBranch/asynch/missing aclocal-1.13'
AMDEPBACKSLASH='\'
AMDEP_FALSE='#'
AMDEP_TRUE=''
AMTAR='$${TAR-tar}'
AM_BACKSLASH='\'
AM_DEFAULT_V='$(AM_DEFAULT_VERBOSITY)'
AM_DEFAULT_VERBOSITY='1'
AM_V='$(V)'
AR='ar'
AUTOCONF='${SHELL} /Users/mschille/TestGitBranch/asynch/missing autoconf'
AUTOHEADER='${SHELL} /Users/mschille/TestGitBranch/asynch/missing autoheader'
AUTOMAKE='${SHELL} /Users/mschille/TestGitBranch/asynch/missing automake-1.13'
AWK='gawk'
CC='mpicc -std=gnu99'
CCDEPMODE='depmode=gcc3'
CFLAGS='-O3 -march=core-avx2 -DNDEBUG'
CHECK_CFLAGS=''
CHECK_LIBS=''
CPP='mpicc -std=gnu99 -E'
CPPFLAGS=' -I/usr/include -I/usr/include'
CYGPATH_W='echo'
DEFS='-DHAVE_CONFIG_H'
DEPDIR='.deps'
ECHO_C=''
ECHO_N='-n'
ECHO_T=''
EGREP='/usr/bin/grep -E'
EXEEXT=''
GREP='/usr/bin/grep'
H5CC='/opt/apps/hdf5/1.8.18_parallel_studio-2017.1/bin/h5cc'
H5FC='/opt/apps/hdf5/1.8.18_parallel_studio-2017.1/bin/h5fc'
HAVE_POSTGRESQL_FALSE=''
HAVE_POSTGRESQL_TRUE='#'
HDF5_CC='icc'
HDF5_CFLAGS=''
HDF5_CPPFLAGS='-I/opt/apps/zlib/1.2.11/include -I/opt/apps/parallel_studio/2017.1/compilers_and_libraries/linux/daal/include -I/opt/apps/parallel_studio/2017.1/compilers_and_libraries/linux/tbb/include -I/opt/apps/parallel_studio/2017.1/compilers_and_libraries/linux/mkl/include -I/opt/apps/parallel_studio/2017.1/compilers_and_libraries/linux/ipp/include -I/opt/apps/szip/2.1.1_parallel_studio-2017.1/include -I/opt/apps/hdf5/1.8.18_parallel_studio-2017.1/include'
HDF5_FC=''
HDF5_FFLAGS='-I/opt/apps/zlib/1.2.11/lib -L/opt/apps/zlib/1.2.11/lib -I/opt/apps/parallel_studio/2017.1/compilers_and_libraries/linux/debugger/libipt/intel64/lib -L/opt/apps/parallel_studio/2017.1/compilers_and_libraries/linux/debugger/libipt/intel64/lib -I/opt/apps/parallel_studio/2017.1/compilers_and_libraries/linux/debugger/iga/lib -L/opt/apps/parallel_studio/2017.1/compilers_and_libraries/linux/debugger/iga/lib -I/opt/apps/parallel_studio/2017.1/compilers_and_libraries/linux/ipp/lib/intel64_lin -L/opt/apps/parallel_studio/2017.1/compilers_and_libraries/linux/ipp/lib/intel64_lin -I/opt/apps/parallel_studio/2017.1/compilers_and_libraries/linux/daal/lib/intel64_lin -L/opt/apps/parallel_studio/2017.1/compilers_and_libraries/linux/daal/lib/intel64_lin -I/opt/apps/parallel_studio/2017.1/compilers_and_libraries/linux/tbb/lib/intel64/gcc4.4 -L/opt/apps/parallel_studio/2017.1/compilers_and_libraries/linux/tbb/lib/intel64/gcc4.4 -I/opt/apps/parallel_studio/2017.1/compilers_and_libraries/linux/tbb/lib/intel64/gcc4.7 -L/opt/apps/parallel_studio/2017.1/compilers_and_libraries/linux/tbb/lib/intel64/gcc4.7 -I/opt/apps/parallel_studio/2017.1/compilers_and_libraries/linux/mkl/lib/intel64_lin -L/opt/apps/parallel_studio/2017.1/compilers_and_libraries/linux/mkl/lib/intel64_lin -I/opt/apps/parallel_studio/2017.1/compilers_and_libraries/linux/lib/intel64_lin -L/opt/apps/parallel_studio/2017.1/compilers_and_libraries/linux/lib/intel64_lin -I/opt/apps/szip/2.1.1_parallel_studio-2017.1/lib -L/opt/apps/szip/2.1.1_parallel_studio-2017.1/lib -I/opt/apps/hdf5/1.8.18_parallel_studio-2017.1/lib -L/opt/apps/hdf5/1.8.18_parallel_studio-2017.1/lib -I/opt/apps/hdf5/1.8.18_parallel_studio-2017.1/include '
HDF5_FLIBS=' -lm -ldl -lz -lsz -lhdf5_fortran -lhdf5 -lhdf5hl_fortran -lhdf5_hl'
HDF5_LDFLAGS='-L/opt/apps/zlib/1.2.11/lib -L/opt/apps/parallel_studio/2017.1/compilers_and_libraries/linux/debugger/libipt/intel64/lib -L/opt/apps/parallel_studio/2017.1/compilers_and_libraries/linux/debugger/iga/lib -L/opt/apps/parallel_studio/2017.1/compilers_and_libraries/linux/ipp/lib/intel64_lin -L/opt/apps/parallel_studio/2017.1/compilers_and_libraries/linux/daal/lib/intel64_lin -L/opt/apps/parallel_studio/2017.1/compilers_and_libraries/linux/tbb/lib/intel64/gcc4.4 -L/opt/apps/parallel_studio/2017.1/compilers_and_libraries/linux/tbb/lib/intel64/gcc4.7 -L/opt/apps/parallel_studio/2017.1/compilers_and_libraries/linux/mkl/lib/intel64_lin -L/opt/apps/parallel_studio/2017.1/compilers_and_libraries/linux/lib/intel64_lin -L/opt/apps/szip/2.1.1_parallel_studio-2017.1/lib -L/opt/apps/hdf5/1.8.18_parallel_studio-2017.1/lib '
HDF5_LIBS='-lm -ldl -lz -lsz  -lhdf5 -lhdf5_hl'
HDF5_TYPE='serial'
HDF5_VERSION='1.8.18'
INSTALL_DATA='${INSTALL} -m 644'
INSTALL_PROGRAM='${INSTALL}'
INSTALL_SCRIPT='${INSTALL}'
INSTALL_STRIP_PROGRAM='$(install_sh) -c -s'
LDFLAGS=' -L/usr/lib -L/usr/lib'
LIBOBJS=''
LIBS='-lz '
LTLIBOBJS=''
MAKEINFO='${SHELL} /Users/mschille/TestGitBranch/asynch/missing makeinfo'
MKDIR_P='/usr/bin/mkdir -p'
MPICC=''
OBJEXT='o'
PACKAGE='asynch'
PACKAGE_BUGREPORT='samuel-debionne@uiowa.edu'
PACKAGE_NAME='asynch'
PACKAGE_STRING='asynch 1.3.2'
PACKAGE_TARNAME='asynch'
PACKAGE_URL=''
PACKAGE_VERSION='1.3.2'
PATH_SEPARATOR=':'
PG_CONFIG='/usr/bin/pg_config'
PKG_CONFIG='/usr/bin/pkg-config'
PKG_CONFIG_LIBDIR=''
PKG_CONFIG_PATH='/opt/apps/openmpi/2.0.1_parallel_studio-2017.1/lib/pkgconfig:/opt/apps/zlib/1.2.11/lib/pkgconfig:/opt/apps/xz/5.2.3/lib/pkgconfig:/opt/apps/bzip2/1.0.6/lib/pkgconfig'
POSTGRESQL_CPPFLAGS='-I/usr/include'
POSTGRESQL_LDFLAGS='-L/usr/lib64'
POSTGRESQL_LIBS='-lpq'
POSTGRESQL_VERSION='9.2.18'
RANLIB='ranlib'
SED='/usr/bin/sed'
SET_MAKE=''
SHELL='/bin/sh'
STRIP=''
VERSION='1.3.2'
ac_ct_AR='ar'
ac_ct_CC='mpicc'
am__EXEEXT_FALSE=''
am__EXEEXT_TRUE='#'
am__fastdepCC_FALSE='#'
am__fastdepCC_TRUE=''
am__include='include'
am__isrc=' -I$(srcdir)'
am__leading_dot='.'
am__nodep='_no'
am__quote=''
am__tar='$${TAR-tar} chof - "$$tardir"'
am__untar='$${TAR-tar} xf -'
bindir='${exec_prefix}/bin'
build_alias=''
datadir='${datarootdir}'
datarootdir='${prefix}/share'
docdir='${datarootdir}/doc/${PACKAGE_TARNAME}'
dvidir='${docdir}'
exec_prefix='${prefix}'
host_alias=''
htmldir='${docdir}'
includedir='${prefix}/include'
infodir='${datarootdir}/info'
install_sh='${SHELL} /Users/mschille/TestGitBranch/asynch/install-sh'
libdir='${exec_prefix}/lib'
libexecdir='${exec_prefix}/libexec'
localedir='${datarootdir}/locale'
localstatedir='${prefix}/var'
mandir='${datarootdir}/man'
mkdir_p='$(MKDIR_P)'
oldincludedir='/usr/include'
pdfdir='${docdir}'
prefix='/Users/mschille/TestGitBranch/asynch/dist'
program_transform_name='s,x,x,'
psdir='${docdir}'
sbindir='${exec_prefix}/sbin'
sharedstatedir='${prefix}/com'
sysconfdir='${prefix}/etc'
target_alias=''

## ----------- ##
## confdefs.h. ##
## ----------- ##

/* confdefs.h */
#define PACKAGE_NAME "asynch"
#define PACKAGE_TARNAME "asynch"
#define PACKAGE_VERSION "1.3.2"
#define PACKAGE_STRING "asynch 1.3.2"
#define PACKAGE_BUGREPORT "samuel-debionne@uiowa.edu"
#define PACKAGE_URL ""
#define PACKAGE "asynch"
#define VERSION "1.3.2"
#define HAVE_MPI 1
#define STDC_HEADERS 1
#define HAVE_SYS_TYPES_H 1
#define HAVE_SYS_STAT_H 1
#define HAVE_STDLIB_H 1
#define HAVE_STRING_H 1
#define HAVE_MEMORY_H 1
#define HAVE_STRINGS_H 1
#define HAVE_INTTYPES_H 1
#define HAVE_STDINT_H 1
#define HAVE_UNISTD_H 1
#define HAVE_LIBZ 1
#define HAVE_HDF5 1
#define HAVE_POSTGRESQL 1

configure: exit 0
